<?xml version="1.0" encoding="UTF-8"?>
<testng-results ignored="0" total="1" passed="1" failed="0" skipped="0">
  <reporter-output>
    <line>
      <![CDATA[This is a test 200]]>
    </line>
  </reporter-output>
  <suite started-at="2019-01-14T16:10:51Z" name="Suite" finished-at="2019-01-14T16:10:56Z" duration-ms="4271">
    <groups>
    </groups>
    <test started-at="2019-01-14T16:10:51Z" name="Test" finished-at="2019-01-14T16:10:56Z" duration-ms="4271">
      <class name="com.test.fw.TestRestAssured">
        <test-method signature="test()[pri:0, instance:com.test.fw.TestRestAssured@e4487af]" started-at="2019-01-14T16:10:51Z" name="test" finished-at="2019-01-14T16:10:56Z" duration-ms="4236" status="PASS">
          <reporter-output>
            <line>
              <![CDATA[This is a test 200]]>
            </line>
          </reporter-output>
        </test-method> <!-- test -->
      </class> <!-- com.test.fw.TestRestAssured -->
    </test> <!-- Test -->
  </suite> <!-- Suite -->
</testng-results>
