<?xml version="1.0" encoding="UTF-8"?>
<testng-results ignored="0" total="1" passed="1" failed="0" skipped="0">
  <reporter-output>
  </reporter-output>
  <suite started-at="2018-12-30T06:28:46Z" name="Default suite" finished-at="2018-12-30T06:28:49Z" duration-ms="2678">
    <groups>
    </groups>
    <test started-at="2018-12-30T06:28:46Z" name="Default test" finished-at="2018-12-30T06:28:49Z" duration-ms="2678">
      <class name="com.test.fw.GetAPITest">
        <test-method is-config="true" signature="SetUp()[pri:0, instance:com.test.fw.GetAPITest@49e5f737]" started-at="2018-12-30T06:28:46Z" name="SetUp" finished-at="2018-12-30T06:28:46Z" duration-ms="10" status="PASS">
          <reporter-output>
          </reporter-output>
        </test-method> <!-- SetUp -->
        <test-method signature="Test1()[pri:0, instance:com.test.fw.GetAPITest@49e5f737]" started-at="2018-12-30T06:28:46Z" name="Test1" finished-at="2018-12-30T06:28:48Z" duration-ms="2633" status="PASS">
          <reporter-output>
          </reporter-output>
        </test-method> <!-- Test1 -->
      </class> <!-- com.test.fw.GetAPITest -->
    </test> <!-- Default test -->
  </suite> <!-- Default suite -->
</testng-results>
